Vivado Simulator 2019.1
Copyright 1986-1999, 2001-2019 Xilinx, Inc. All Rights Reserved.
Running: C:/Xilinx/Vivado/2019.1/bin/unwrapped/win64.o/xelab.exe -wto 61bb670f98ec42bda563013afb34015c --incr --debug typical --relax --mt 2 -L xil_defaultlib -L secureip --snapshot Steppercheck_behav xil_defaultlib.Steppercheck -log elaborate.log 
Using 2 slave threads.
Starting static elaboration
Completed static elaboration
Starting simulation data flow analysis
Completed simulation data flow analysis
Time Resolution for simulation is 1ps
Compiling package std.standard
Compiling package std.textio
Compiling package ieee.std_logic_1164
Compiling package ieee.std_logic_arith
Compiling package ieee.std_logic_unsigned
Compiling package ieee.numeric_std
Compiling architecture stepstep of entity xil_defaultlib.Steppers [steppers_default]
Compiling architecture writestuff of entity xil_defaultlib.PenCtrl [penctrl_default]
Compiling architecture movecart of entity xil_defaultlib.Outputs [outputs_default]
Compiling architecture behavioral of entity xil_defaultlib.steppercheck
Built simulation snapshot Steppercheck_behav
